<?xml version="1.0" encoding="UTF-8"?>
<testng-results>
  <reporter-output>
  </reporter-output>
  <suite name="Command line suite" duration-ms="23447" started-at="2017-04-22T18:46:04Z" finished-at="2017-04-22T18:46:27Z">
    <groups>
    </groups>
    <test name="Command line test" duration-ms="23447" started-at="2017-04-22T18:46:04Z" finished-at="2017-04-22T18:46:27Z">
      <class name="io.rdbc.pgsql.transport.netty.PgRowPublisherVerification">
        <test-method status="PASS" signature="beforeClass()" name="beforeClass" is-config="true" duration-ms="15708" started-at="2017-04-22T18:46:04Z" finished-at="2017-04-22T18:46:20Z">
        </test-method>
        <test-method status="PASS" signature="optional_spec104_mustSignalOnErrorWhenFails()" name="optional_spec104_mustSignalOnErrorWhenFails" duration-ms="791" started-at="2017-04-22T18:46:20Z" finished-at="2017-04-22T18:46:20Z">
        </test-method>
        <test-method status="PASS" signature="setUp()" name="setUp" is-config="true" duration-ms="0" started-at="2017-04-22T18:46:20Z" finished-at="2017-04-22T18:46:20Z">
        </test-method>
        <test-method status="PASS" signature="setUp()" name="setUp" is-config="true" duration-ms="0" started-at="2017-04-22T18:46:20Z" finished-at="2017-04-22T18:46:20Z">
        </test-method>
        <test-method status="PASS" signature="optional_spec105_emptyStreamMustTerminateBySignallingOnComplete()" name="optional_spec105_emptyStreamMustTerminateBySignallingOnComplete" duration-ms="148" started-at="2017-04-22T18:46:20Z" finished-at="2017-04-22T18:46:20Z">
        </test-method>
        <test-method status="PASS" signature="setUp()" name="setUp" is-config="true" duration-ms="0" started-at="2017-04-22T18:46:20Z" finished-at="2017-04-22T18:46:20Z">
        </test-method>
        <test-method status="SKIP" signature="optional_spec111_maySupportMultiSubscribe()" name="optional_spec111_maySupportMultiSubscribe" duration-ms="41" started-at="2017-04-22T18:46:20Z" finished-at="2017-04-22T18:46:21Z">
          <exception class="org.testng.SkipException">
            <message>
              <![CDATA[Skipped because tested publisher does NOT implement this OPTIONAL requirement. Reason for skipping was: Async error during test execution: Sink.asPublisher(fanout = false) only supports one subscriber (which is allowed, see reactive-streams specification, rule 1.12)]]>
            </message>
            <full-stacktrace>
              <![CDATA[org.testng.SkipException: Skipped because tested publisher does NOT implement this OPTIONAL requirement. Reason for skipping was: Async error during test execution: Sink.asPublisher(fanout = false) only supports one subscriber (which is allowed, see reactive-streams specification, rule 1.12)
	at org.reactivestreams.tck.PublisherVerification.notVerified(PublisherVerification.java:1180)
	at org.reactivestreams.tck.PublisherVerification.optionalActivePublisherTest(PublisherVerification.java:1121)
	at org.reactivestreams.tck.PublisherVerification.optional_spec111_maySupportMultiSubscribe(PublisherVerification.java:543)
	at sun.reflect.NativeMethodAccessorImpl.invoke0(Native Method)
	at sun.reflect.NativeMethodAccessorImpl.invoke(NativeMethodAccessorImpl.java:62)
	at sun.reflect.DelegatingMethodAccessorImpl.invoke(DelegatingMethodAccessorImpl.java:43)
	at java.lang.reflect.Method.invoke(Method.java:498)
	at org.testng.internal.MethodInvocationHelper.invokeMethod(MethodInvocationHelper.java:74)
	at org.testng.internal.Invoker.invokeMethod(Invoker.java:673)
	at org.testng.internal.Invoker.invokeTestMethod(Invoker.java:846)
	at org.testng.internal.Invoker.invokeTestMethods(Invoker.java:1170)
	at org.testng.internal.TestMethodWorker.invokeTestMethods(TestMethodWorker.java:125)
	at org.testng.internal.TestMethodWorker.run(TestMethodWorker.java:109)
	at org.testng.TestRunner.runWorkers(TestRunner.java:1147)
	at org.testng.TestRunner.privateRun(TestRunner.java:749)
	at org.testng.TestRunner.run(TestRunner.java:600)
	at org.testng.SuiteRunner.runTest(SuiteRunner.java:317)
	at org.testng.SuiteRunner.runSequentially(SuiteRunner.java:312)
	at org.testng.SuiteRunner.privateRun(SuiteRunner.java:274)
	at org.testng.SuiteRunner.run(SuiteRunner.java:223)
	at org.testng.SuiteRunnerWorker.runSuite(SuiteRunnerWorker.java:52)
	at org.testng.SuiteRunnerWorker.run(SuiteRunnerWorker.java:86)
	at org.testng.TestNG.runSuitesSequentially(TestNG.java:1039)
	at org.testng.TestNG.runSuitesLocally(TestNG.java:964)
	at org.testng.TestNG.run(TestNG.java:900)
	at org.scalatest.testng.TestNGSuiteLike.run(TestNGSuiteLike.scala:261)
	at org.scalatest.testng.TestNGSuiteLike.run$(TestNGSuiteLike.scala:254)
	at io.rdbc.test.RowPublisherVerification.run(RowPublisherVerification.scala:16)
	at org.scalatest.testng.TestNGSuiteLike.runTestNG(TestNGSuiteLike.scala:248)
	at org.scalatest.testng.TestNGSuiteLike.runTestNG$(TestNGSuiteLike.scala:227)
	at io.rdbc.test.RowPublisherVerification.runTestNG(RowPublisherVerification.scala:16)
	at org.scalatest.testng.TestNGSuiteLike.run(TestNGSuiteLike.scala:149)
	at org.scalatest.testng.TestNGSuiteLike.run$(TestNGSuiteLike.scala:146)
	at io.rdbc.test.RowPublisherVerification.run(RowPublisherVerification.scala:16)
	at org.scalatest.tools.Framework.org$scalatest$tools$Framework$$runSuite(Framework.scala:314)
	at org.scalatest.tools.Framework$ScalaTestTask.execute(Framework.scala:507)
	at sbt.TestRunner.runTest$1(TestFramework.scala:76)
	at sbt.TestRunner.run(TestFramework.scala:85)
	at sbt.TestFramework$$anon$2$$anonfun$$init$$1$$anonfun$apply$8.apply(TestFramework.scala:202)
	at sbt.TestFramework$$anon$2$$anonfun$$init$$1$$anonfun$apply$8.apply(TestFramework.scala:202)
	at sbt.TestFramework$.sbt$TestFramework$$withContextLoader(TestFramework.scala:185)
	at sbt.TestFramework$$anon$2$$anonfun$$init$$1.apply(TestFramework.scala:202)
	at sbt.TestFramework$$anon$2$$anonfun$$init$$1.apply(TestFramework.scala:202)
	at sbt.TestFunction.apply(TestFramework.scala:207)
	at sbt.Tests$$anonfun$9.apply(Tests.scala:216)
	at sbt.Tests$$anonfun$9.apply(Tests.scala:216)
	at sbt.std.Transform$$anon$3$$anonfun$apply$2.apply(System.scala:44)
	at sbt.std.Transform$$anon$3$$anonfun$apply$2.apply(System.scala:44)
	at sbt.std.Transform$$anon$4.work(System.scala:63)
	at sbt.Execute$$anonfun$submit$1$$anonfun$apply$1.apply(Execute.scala:228)
	at sbt.Execute$$anonfun$submit$1$$anonfun$apply$1.apply(Execute.scala:228)
	at sbt.ErrorHandling$.wideConvert(ErrorHandling.scala:17)
	at sbt.Execute.work(Execute.scala:237)
	at sbt.Execute$$anonfun$submit$1.apply(Execute.scala:228)
	at sbt.Execute$$anonfun$submit$1.apply(Execute.scala:228)
	at sbt.ConcurrentRestrictions$$anon$4$$anonfun$1.apply(ConcurrentRestrictions.scala:159)
	at sbt.CompletionService$$anon$2.call(CompletionService.scala:28)
	at java.util.concurrent.FutureTask.run(FutureTask.java:266)
	at java.util.concurrent.Executors$RunnableAdapter.call(Executors.java:511)
	at java.util.concurrent.FutureTask.run(FutureTask.java:266)
	at java.util.concurrent.ThreadPoolExecutor.runWorker(ThreadPoolExecutor.java:1142)
	at java.util.concurrent.ThreadPoolExecutor$Worker.run(ThreadPoolExecutor.java:617)
	at java.lang.Thread.run(Thread.java:745)
]]>
            </full-stacktrace>
          </exception>
        </test-method>
        <test-method status="PASS" signature="setUp()" name="setUp" is-config="true" duration-ms="0" started-at="2017-04-22T18:46:21Z" finished-at="2017-04-22T18:46:21Z">
        </test-method>
        <test-method status="SKIP" signature="optional_spec111_multicast_mustProduceTheSameElementsInTheSameSequenceToAllOfItsSubscribersWhenRequestingManyUpfront()" name="optional_spec111_multicast_mustProduceTheSameElementsInTheSameSequenceToAllOfItsSubscribersWhenRequestingManyUpfront" duration-ms="29" started-at="2017-04-22T18:46:21Z" finished-at="2017-04-22T18:46:21Z">
          <exception class="org.testng.SkipException">
            <message>
              <![CDATA[Skipped because tested publisher does NOT implement this OPTIONAL requirement. Reason for skipping was: Async error during test execution: Sink.asPublisher(fanout = false) only supports one subscriber (which is allowed, see reactive-streams specification, rule 1.12)]]>
            </message>
            <full-stacktrace>
              <![CDATA[org.testng.SkipException: Skipped because tested publisher does NOT implement this OPTIONAL requirement. Reason for skipping was: Async error during test execution: Sink.asPublisher(fanout = false) only supports one subscriber (which is allowed, see reactive-streams specification, rule 1.12)
	at org.reactivestreams.tck.PublisherVerification.notVerified(PublisherVerification.java:1180)
	at org.reactivestreams.tck.PublisherVerification.optionalActivePublisherTest(PublisherVerification.java:1121)
	at org.reactivestreams.tck.PublisherVerification.optional_spec111_multicast_mustProduceTheSameElementsInTheSameSequenceToAllOfItsSubscribersWhenRequestingManyUpfront(PublisherVerification.java:608)
	at sun.reflect.NativeMethodAccessorImpl.invoke0(Native Method)
	at sun.reflect.NativeMethodAccessorImpl.invoke(NativeMethodAccessorImpl.java:62)
	at sun.reflect.DelegatingMethodAccessorImpl.invoke(DelegatingMethodAccessorImpl.java:43)
	at java.lang.reflect.Method.invoke(Method.java:498)
	at org.testng.internal.MethodInvocationHelper.invokeMethod(MethodInvocationHelper.java:74)
	at org.testng.internal.Invoker.invokeMethod(Invoker.java:673)
	at org.testng.internal.Invoker.invokeTestMethod(Invoker.java:846)
	at org.testng.internal.Invoker.invokeTestMethods(Invoker.java:1170)
	at org.testng.internal.TestMethodWorker.invokeTestMethods(TestMethodWorker.java:125)
	at org.testng.internal.TestMethodWorker.run(TestMethodWorker.java:109)
	at org.testng.TestRunner.runWorkers(TestRunner.java:1147)
	at org.testng.TestRunner.privateRun(TestRunner.java:749)
	at org.testng.TestRunner.run(TestRunner.java:600)
	at org.testng.SuiteRunner.runTest(SuiteRunner.java:317)
	at org.testng.SuiteRunner.runSequentially(SuiteRunner.java:312)
	at org.testng.SuiteRunner.privateRun(SuiteRunner.java:274)
	at org.testng.SuiteRunner.run(SuiteRunner.java:223)
	at org.testng.SuiteRunnerWorker.runSuite(SuiteRunnerWorker.java:52)
	at org.testng.SuiteRunnerWorker.run(SuiteRunnerWorker.java:86)
	at org.testng.TestNG.runSuitesSequentially(TestNG.java:1039)
	at org.testng.TestNG.runSuitesLocally(TestNG.java:964)
	at org.testng.TestNG.run(TestNG.java:900)
	at org.scalatest.testng.TestNGSuiteLike.run(TestNGSuiteLike.scala:261)
	at org.scalatest.testng.TestNGSuiteLike.run$(TestNGSuiteLike.scala:254)
	at io.rdbc.test.RowPublisherVerification.run(RowPublisherVerification.scala:16)
	at org.scalatest.testng.TestNGSuiteLike.runTestNG(TestNGSuiteLike.scala:248)
	at org.scalatest.testng.TestNGSuiteLike.runTestNG$(TestNGSuiteLike.scala:227)
	at io.rdbc.test.RowPublisherVerification.runTestNG(RowPublisherVerification.scala:16)
	at org.scalatest.testng.TestNGSuiteLike.run(TestNGSuiteLike.scala:149)
	at org.scalatest.testng.TestNGSuiteLike.run$(TestNGSuiteLike.scala:146)
	at io.rdbc.test.RowPublisherVerification.run(RowPublisherVerification.scala:16)
	at org.scalatest.tools.Framework.org$scalatest$tools$Framework$$runSuite(Framework.scala:314)
	at org.scalatest.tools.Framework$ScalaTestTask.execute(Framework.scala:507)
	at sbt.TestRunner.runTest$1(TestFramework.scala:76)
	at sbt.TestRunner.run(TestFramework.scala:85)
	at sbt.TestFramework$$anon$2$$anonfun$$init$$1$$anonfun$apply$8.apply(TestFramework.scala:202)
	at sbt.TestFramework$$anon$2$$anonfun$$init$$1$$anonfun$apply$8.apply(TestFramework.scala:202)
	at sbt.TestFramework$.sbt$TestFramework$$withContextLoader(TestFramework.scala:185)
	at sbt.TestFramework$$anon$2$$anonfun$$init$$1.apply(TestFramework.scala:202)
	at sbt.TestFramework$$anon$2$$anonfun$$init$$1.apply(TestFramework.scala:202)
	at sbt.TestFunction.apply(TestFramework.scala:207)
	at sbt.Tests$$anonfun$9.apply(Tests.scala:216)
	at sbt.Tests$$anonfun$9.apply(Tests.scala:216)
	at sbt.std.Transform$$anon$3$$anonfun$apply$2.apply(System.scala:44)
	at sbt.std.Transform$$anon$3$$anonfun$apply$2.apply(System.scala:44)
	at sbt.std.Transform$$anon$4.work(System.scala:63)
	at sbt.Execute$$anonfun$submit$1$$anonfun$apply$1.apply(Execute.scala:228)
	at sbt.Execute$$anonfun$submit$1$$anonfun$apply$1.apply(Execute.scala:228)
	at sbt.ErrorHandling$.wideConvert(ErrorHandling.scala:17)
	at sbt.Execute.work(Execute.scala:237)
	at sbt.Execute$$anonfun$submit$1.apply(Execute.scala:228)
	at sbt.Execute$$anonfun$submit$1.apply(Execute.scala:228)
	at sbt.ConcurrentRestrictions$$anon$4$$anonfun$1.apply(ConcurrentRestrictions.scala:159)
	at sbt.CompletionService$$anon$2.call(CompletionService.scala:28)
	at java.util.concurrent.FutureTask.run(FutureTask.java:266)
	at java.util.concurrent.Executors$RunnableAdapter.call(Executors.java:511)
	at java.util.concurrent.FutureTask.run(FutureTask.java:266)
	at java.util.concurrent.ThreadPoolExecutor.runWorker(ThreadPoolExecutor.java:1142)
	at java.util.concurrent.ThreadPoolExecutor$Worker.run(ThreadPoolExecutor.java:617)
	at java.lang.Thread.run(Thread.java:745)
]]>
            </full-stacktrace>
          </exception>
        </test-method>
        <test-method status="PASS" signature="setUp()" name="setUp" is-config="true" duration-ms="0" started-at="2017-04-22T18:46:21Z" finished-at="2017-04-22T18:46:21Z">
        </test-method>
        <test-method status="SKIP" signature="optional_spec111_multicast_mustProduceTheSameElementsInTheSameSequenceToAllOfItsSubscribersWhenRequestingManyUpfrontAndCompleteAsExpected()" name="optional_spec111_multicast_mustProduceTheSameElementsInTheSameSequenceToAllOfItsSubscribersWhenRequestingManyUpfrontAndCompleteAsExpected" duration-ms="29" started-at="2017-04-22T18:46:21Z" finished-at="2017-04-22T18:46:21Z">
          <exception class="org.testng.SkipException">
            <message>
              <![CDATA[Skipped because tested publisher does NOT implement this OPTIONAL requirement. Reason for skipping was: Async error during test execution: Sink.asPublisher(fanout = false) only supports one subscriber (which is allowed, see reactive-streams specification, rule 1.12)]]>
            </message>
            <full-stacktrace>
              <![CDATA[org.testng.SkipException: Skipped because tested publisher does NOT implement this OPTIONAL requirement. Reason for skipping was: Async error during test execution: Sink.asPublisher(fanout = false) only supports one subscriber (which is allowed, see reactive-streams specification, rule 1.12)
	at org.reactivestreams.tck.PublisherVerification.notVerified(PublisherVerification.java:1180)
	at org.reactivestreams.tck.PublisherVerification.optionalActivePublisherTest(PublisherVerification.java:1121)
	at org.reactivestreams.tck.PublisherVerification.optional_spec111_multicast_mustProduceTheSameElementsInTheSameSequenceToAllOfItsSubscribersWhenRequestingManyUpfrontAndCompleteAsExpected(PublisherVerification.java:641)
	at sun.reflect.NativeMethodAccessorImpl.invoke0(Native Method)
	at sun.reflect.NativeMethodAccessorImpl.invoke(NativeMethodAccessorImpl.java:62)
	at sun.reflect.DelegatingMethodAccessorImpl.invoke(DelegatingMethodAccessorImpl.java:43)
	at java.lang.reflect.Method.invoke(Method.java:498)
	at org.testng.internal.MethodInvocationHelper.invokeMethod(MethodInvocationHelper.java:74)
	at org.testng.internal.Invoker.invokeMethod(Invoker.java:673)
	at org.testng.internal.Invoker.invokeTestMethod(Invoker.java:846)
	at org.testng.internal.Invoker.invokeTestMethods(Invoker.java:1170)
	at org.testng.internal.TestMethodWorker.invokeTestMethods(TestMethodWorker.java:125)
	at org.testng.internal.TestMethodWorker.run(TestMethodWorker.java:109)
	at org.testng.TestRunner.runWorkers(TestRunner.java:1147)
	at org.testng.TestRunner.privateRun(TestRunner.java:749)
	at org.testng.TestRunner.run(TestRunner.java:600)
	at org.testng.SuiteRunner.runTest(SuiteRunner.java:317)
	at org.testng.SuiteRunner.runSequentially(SuiteRunner.java:312)
	at org.testng.SuiteRunner.privateRun(SuiteRunner.java:274)
	at org.testng.SuiteRunner.run(SuiteRunner.java:223)
	at org.testng.SuiteRunnerWorker.runSuite(SuiteRunnerWorker.java:52)
	at org.testng.SuiteRunnerWorker.run(SuiteRunnerWorker.java:86)
	at org.testng.TestNG.runSuitesSequentially(TestNG.java:1039)
	at org.testng.TestNG.runSuitesLocally(TestNG.java:964)
	at org.testng.TestNG.run(TestNG.java:900)
	at org.scalatest.testng.TestNGSuiteLike.run(TestNGSuiteLike.scala:261)
	at org.scalatest.testng.TestNGSuiteLike.run$(TestNGSuiteLike.scala:254)
	at io.rdbc.test.RowPublisherVerification.run(RowPublisherVerification.scala:16)
	at org.scalatest.testng.TestNGSuiteLike.runTestNG(TestNGSuiteLike.scala:248)
	at org.scalatest.testng.TestNGSuiteLike.runTestNG$(TestNGSuiteLike.scala:227)
	at io.rdbc.test.RowPublisherVerification.runTestNG(RowPublisherVerification.scala:16)
	at org.scalatest.testng.TestNGSuiteLike.run(TestNGSuiteLike.scala:149)
	at org.scalatest.testng.TestNGSuiteLike.run$(TestNGSuiteLike.scala:146)
	at io.rdbc.test.RowPublisherVerification.run(RowPublisherVerification.scala:16)
	at org.scalatest.tools.Framework.org$scalatest$tools$Framework$$runSuite(Framework.scala:314)
	at org.scalatest.tools.Framework$ScalaTestTask.execute(Framework.scala:507)
	at sbt.TestRunner.runTest$1(TestFramework.scala:76)
	at sbt.TestRunner.run(TestFramework.scala:85)
	at sbt.TestFramework$$anon$2$$anonfun$$init$$1$$anonfun$apply$8.apply(TestFramework.scala:202)
	at sbt.TestFramework$$anon$2$$anonfun$$init$$1$$anonfun$apply$8.apply(TestFramework.scala:202)
	at sbt.TestFramework$.sbt$TestFramework$$withContextLoader(TestFramework.scala:185)
	at sbt.TestFramework$$anon$2$$anonfun$$init$$1.apply(TestFramework.scala:202)
	at sbt.TestFramework$$anon$2$$anonfun$$init$$1.apply(TestFramework.scala:202)
	at sbt.TestFunction.apply(TestFramework.scala:207)
	at sbt.Tests$$anonfun$9.apply(Tests.scala:216)
	at sbt.Tests$$anonfun$9.apply(Tests.scala:216)
	at sbt.std.Transform$$anon$3$$anonfun$apply$2.apply(System.scala:44)
	at sbt.std.Transform$$anon$3$$anonfun$apply$2.apply(System.scala:44)
	at sbt.std.Transform$$anon$4.work(System.scala:63)
	at sbt.Execute$$anonfun$submit$1$$anonfun$apply$1.apply(Execute.scala:228)
	at sbt.Execute$$anonfun$submit$1$$anonfun$apply$1.apply(Execute.scala:228)
	at sbt.ErrorHandling$.wideConvert(ErrorHandling.scala:17)
	at sbt.Execute.work(Execute.scala:237)
	at sbt.Execute$$anonfun$submit$1.apply(Execute.scala:228)
	at sbt.Execute$$anonfun$submit$1.apply(Execute.scala:228)
	at sbt.ConcurrentRestrictions$$anon$4$$anonfun$1.apply(ConcurrentRestrictions.scala:159)
	at sbt.CompletionService$$anon$2.call(CompletionService.scala:28)
	at java.util.concurrent.FutureTask.run(FutureTask.java:266)
	at java.util.concurrent.Executors$RunnableAdapter.call(Executors.java:511)
	at java.util.concurrent.FutureTask.run(FutureTask.java:266)
	at java.util.concurrent.ThreadPoolExecutor.runWorker(ThreadPoolExecutor.java:1142)
	at java.util.concurrent.ThreadPoolExecutor$Worker.run(ThreadPoolExecutor.java:617)
	at java.lang.Thread.run(Thread.java:745)
]]>
            </full-stacktrace>
          </exception>
        </test-method>
        <test-method status="PASS" signature="setUp()" name="setUp" is-config="true" duration-ms="0" started-at="2017-04-22T18:46:21Z" finished-at="2017-04-22T18:46:21Z">
        </test-method>
        <test-method status="SKIP" signature="optional_spec111_multicast_mustProduceTheSameElementsInTheSameSequenceToAllOfItsSubscribersWhenRequestingOneByOne()" name="optional_spec111_multicast_mustProduceTheSameElementsInTheSameSequenceToAllOfItsSubscribersWhenRequestingOneByOne" duration-ms="27" started-at="2017-04-22T18:46:21Z" finished-at="2017-04-22T18:46:21Z">
          <exception class="org.testng.SkipException">
            <message>
              <![CDATA[Skipped because tested publisher does NOT implement this OPTIONAL requirement. Reason for skipping was: Async error during test execution: Sink.asPublisher(fanout = false) only supports one subscriber (which is allowed, see reactive-streams specification, rule 1.12)]]>
            </message>
            <full-stacktrace>
              <![CDATA[org.testng.SkipException: Skipped because tested publisher does NOT implement this OPTIONAL requirement. Reason for skipping was: Async error during test execution: Sink.asPublisher(fanout = false) only supports one subscriber (which is allowed, see reactive-streams specification, rule 1.12)
	at org.reactivestreams.tck.PublisherVerification.notVerified(PublisherVerification.java:1180)
	at org.reactivestreams.tck.PublisherVerification.optionalActivePublisherTest(PublisherVerification.java:1121)
	at org.reactivestreams.tck.PublisherVerification.optional_spec111_multicast_mustProduceTheSameElementsInTheSameSequenceToAllOfItsSubscribersWhenRequestingOneByOne(PublisherVerification.java:557)
	at sun.reflect.NativeMethodAccessorImpl.invoke0(Native Method)
	at sun.reflect.NativeMethodAccessorImpl.invoke(NativeMethodAccessorImpl.java:62)
	at sun.reflect.DelegatingMethodAccessorImpl.invoke(DelegatingMethodAccessorImpl.java:43)
	at java.lang.reflect.Method.invoke(Method.java:498)
	at org.testng.internal.MethodInvocationHelper.invokeMethod(MethodInvocationHelper.java:74)
	at org.testng.internal.Invoker.invokeMethod(Invoker.java:673)
	at org.testng.internal.Invoker.invokeTestMethod(Invoker.java:846)
	at org.testng.internal.Invoker.invokeTestMethods(Invoker.java:1170)
	at org.testng.internal.TestMethodWorker.invokeTestMethods(TestMethodWorker.java:125)
	at org.testng.internal.TestMethodWorker.run(TestMethodWorker.java:109)
	at org.testng.TestRunner.runWorkers(TestRunner.java:1147)
	at org.testng.TestRunner.privateRun(TestRunner.java:749)
	at org.testng.TestRunner.run(TestRunner.java:600)
	at org.testng.SuiteRunner.runTest(SuiteRunner.java:317)
	at org.testng.SuiteRunner.runSequentially(SuiteRunner.java:312)
	at org.testng.SuiteRunner.privateRun(SuiteRunner.java:274)
	at org.testng.SuiteRunner.run(SuiteRunner.java:223)
	at org.testng.SuiteRunnerWorker.runSuite(SuiteRunnerWorker.java:52)
	at org.testng.SuiteRunnerWorker.run(SuiteRunnerWorker.java:86)
	at org.testng.TestNG.runSuitesSequentially(TestNG.java:1039)
	at org.testng.TestNG.runSuitesLocally(TestNG.java:964)
	at org.testng.TestNG.run(TestNG.java:900)
	at org.scalatest.testng.TestNGSuiteLike.run(TestNGSuiteLike.scala:261)
	at org.scalatest.testng.TestNGSuiteLike.run$(TestNGSuiteLike.scala:254)
	at io.rdbc.test.RowPublisherVerification.run(RowPublisherVerification.scala:16)
	at org.scalatest.testng.TestNGSuiteLike.runTestNG(TestNGSuiteLike.scala:248)
	at org.scalatest.testng.TestNGSuiteLike.runTestNG$(TestNGSuiteLike.scala:227)
	at io.rdbc.test.RowPublisherVerification.runTestNG(RowPublisherVerification.scala:16)
	at org.scalatest.testng.TestNGSuiteLike.run(TestNGSuiteLike.scala:149)
	at org.scalatest.testng.TestNGSuiteLike.run$(TestNGSuiteLike.scala:146)
	at io.rdbc.test.RowPublisherVerification.run(RowPublisherVerification.scala:16)
	at org.scalatest.tools.Framework.org$scalatest$tools$Framework$$runSuite(Framework.scala:314)
	at org.scalatest.tools.Framework$ScalaTestTask.execute(Framework.scala:507)
	at sbt.TestRunner.runTest$1(TestFramework.scala:76)
	at sbt.TestRunner.run(TestFramework.scala:85)
	at sbt.TestFramework$$anon$2$$anonfun$$init$$1$$anonfun$apply$8.apply(TestFramework.scala:202)
	at sbt.TestFramework$$anon$2$$anonfun$$init$$1$$anonfun$apply$8.apply(TestFramework.scala:202)
	at sbt.TestFramework$.sbt$TestFramework$$withContextLoader(TestFramework.scala:185)
	at sbt.TestFramework$$anon$2$$anonfun$$init$$1.apply(TestFramework.scala:202)
	at sbt.TestFramework$$anon$2$$anonfun$$init$$1.apply(TestFramework.scala:202)
	at sbt.TestFunction.apply(TestFramework.scala:207)
	at sbt.Tests$$anonfun$9.apply(Tests.scala:216)
	at sbt.Tests$$anonfun$9.apply(Tests.scala:216)
	at sbt.std.Transform$$anon$3$$anonfun$apply$2.apply(System.scala:44)
	at sbt.std.Transform$$anon$3$$anonfun$apply$2.apply(System.scala:44)
	at sbt.std.Transform$$anon$4.work(System.scala:63)
	at sbt.Execute$$anonfun$submit$1$$anonfun$apply$1.apply(Execute.scala:228)
	at sbt.Execute$$anonfun$submit$1$$anonfun$apply$1.apply(Execute.scala:228)
	at sbt.ErrorHandling$.wideConvert(ErrorHandling.scala:17)
	at sbt.Execute.work(Execute.scala:237)
	at sbt.Execute$$anonfun$submit$1.apply(Execute.scala:228)
	at sbt.Execute$$anonfun$submit$1.apply(Execute.scala:228)
	at sbt.ConcurrentRestrictions$$anon$4$$anonfun$1.apply(ConcurrentRestrictions.scala:159)
	at sbt.CompletionService$$anon$2.call(CompletionService.scala:28)
	at java.util.concurrent.FutureTask.run(FutureTask.java:266)
	at java.util.concurrent.Executors$RunnableAdapter.call(Executors.java:511)
	at java.util.concurrent.FutureTask.run(FutureTask.java:266)
	at java.util.concurrent.ThreadPoolExecutor.runWorker(ThreadPoolExecutor.java:1142)
	at java.util.concurrent.ThreadPoolExecutor$Worker.run(ThreadPoolExecutor.java:617)
	at java.lang.Thread.run(Thread.java:745)
]]>
            </full-stacktrace>
          </exception>
        </test-method>
        <test-method status="PASS" signature="setUp()" name="setUp" is-config="true" duration-ms="0" started-at="2017-04-22T18:46:21Z" finished-at="2017-04-22T18:46:21Z">
        </test-method>
        <test-method status="PASS" signature="required_createPublisher1MustProduceAStreamOfExactly1Element()" name="required_createPublisher1MustProduceAStreamOfExactly1Element" duration-ms="22" started-at="2017-04-22T18:46:21Z" finished-at="2017-04-22T18:46:21Z">
        </test-method>
        <test-method status="PASS" signature="required_createPublisher3MustProduceAStreamOfExactly3Elements()" name="required_createPublisher3MustProduceAStreamOfExactly3Elements" duration-ms="30" started-at="2017-04-22T18:46:21Z" finished-at="2017-04-22T18:46:21Z">
        </test-method>
        <test-method status="PASS" signature="setUp()" name="setUp" is-config="true" duration-ms="0" started-at="2017-04-22T18:46:21Z" finished-at="2017-04-22T18:46:21Z">
        </test-method>
        <test-method status="PASS" signature="setUp()" name="setUp" is-config="true" duration-ms="0" started-at="2017-04-22T18:46:21Z" finished-at="2017-04-22T18:46:21Z">
        </test-method>
        <test-method status="PASS" signature="required_spec101_subscriptionRequestMustResultInTheCorrectNumberOfProducedElements()" name="required_spec101_subscriptionRequestMustResultInTheCorrectNumberOfProducedElements" duration-ms="328" started-at="2017-04-22T18:46:21Z" finished-at="2017-04-22T18:46:21Z">
        </test-method>
        <test-method status="PASS" signature="required_spec102_maySignalLessThanRequestedAndTerminateSubscription()" name="required_spec102_maySignalLessThanRequestedAndTerminateSubscription" duration-ms="22" started-at="2017-04-22T18:46:21Z" finished-at="2017-04-22T18:46:21Z">
        </test-method>
        <test-method status="PASS" signature="setUp()" name="setUp" is-config="true" duration-ms="0" started-at="2017-04-22T18:46:21Z" finished-at="2017-04-22T18:46:21Z">
        </test-method>
        <test-method status="PASS" signature="required_spec105_mustSignalOnCompleteWhenFiniteStreamTerminates()" name="required_spec105_mustSignalOnCompleteWhenFiniteStreamTerminates" duration-ms="118" started-at="2017-04-22T18:46:21Z" finished-at="2017-04-22T18:46:21Z">
        </test-method>
        <test-method status="PASS" signature="setUp()" name="setUp" is-config="true" duration-ms="0" started-at="2017-04-22T18:46:21Z" finished-at="2017-04-22T18:46:21Z">
        </test-method>
        <test-method status="PASS" signature="setUp()" name="setUp" is-config="true" duration-ms="1" started-at="2017-04-22T18:46:21Z" finished-at="2017-04-22T18:46:21Z">
        </test-method>
        <test-method status="PASS" signature="required_spec107_mustNotEmitFurtherSignalsOnceOnCompleteHasBeenSignalled()" name="required_spec107_mustNotEmitFurtherSignalsOnceOnCompleteHasBeenSignalled" duration-ms="117" started-at="2017-04-22T18:46:21Z" finished-at="2017-04-22T18:46:21Z">
        </test-method>
        <test-method status="PASS" signature="required_spec109_mayRejectCallsToSubscribeIfPublisherIsUnableOrUnwillingToServeThemRejectionMustTriggerOnErrorAfterOnSubscribe()" name="required_spec109_mayRejectCallsToSubscribeIfPublisherIsUnableOrUnwillingToServeThemRejectionMustTriggerOnErrorAfterOnSubscribe" duration-ms="15" started-at="2017-04-22T18:46:21Z" finished-at="2017-04-22T18:46:21Z">
        </test-method>
        <test-method status="PASS" signature="setUp()" name="setUp" is-config="true" duration-ms="0" started-at="2017-04-22T18:46:21Z" finished-at="2017-04-22T18:46:21Z">
        </test-method>
        <test-method status="PASS" signature="required_spec109_mustIssueOnSubscribeForNonNullSubscriber()" name="required_spec109_mustIssueOnSubscribeForNonNullSubscriber" duration-ms="13" started-at="2017-04-22T18:46:21Z" finished-at="2017-04-22T18:46:21Z">
        </test-method>
        <test-method status="PASS" signature="setUp()" name="setUp" is-config="true" duration-ms="0" started-at="2017-04-22T18:46:21Z" finished-at="2017-04-22T18:46:21Z">
        </test-method>
        <test-method status="PASS" signature="setUp()" name="setUp" is-config="true" duration-ms="0" started-at="2017-04-22T18:46:21Z" finished-at="2017-04-22T18:46:21Z">
        </test-method>
        <test-method status="PASS" signature="required_spec109_subscribeThrowNPEOnNullSubscriber()" name="required_spec109_subscribeThrowNPEOnNullSubscriber" duration-ms="10" started-at="2017-04-22T18:46:21Z" finished-at="2017-04-22T18:46:21Z">
        </test-method>
        <test-method status="PASS" signature="setUp()" name="setUp" is-config="true" duration-ms="1" started-at="2017-04-22T18:46:21Z" finished-at="2017-04-22T18:46:21Z">
        </test-method>
        <test-method status="PASS" signature="required_spec302_mustAllowSynchronousRequestCallsFromOnNextAndOnSubscribe()" name="required_spec302_mustAllowSynchronousRequestCallsFromOnNextAndOnSubscribe" duration-ms="119" started-at="2017-04-22T18:46:21Z" finished-at="2017-04-22T18:46:21Z">
        </test-method>
        <test-method status="PASS" signature="required_spec303_mustNotAllowUnboundedRecursion()" name="required_spec303_mustNotAllowUnboundedRecursion" duration-ms="16" started-at="2017-04-22T18:46:21Z" finished-at="2017-04-22T18:46:21Z">
        </test-method>
        <test-method status="PASS" signature="setUp()" name="setUp" is-config="true" duration-ms="0" started-at="2017-04-22T18:46:21Z" finished-at="2017-04-22T18:46:21Z">
        </test-method>
        <test-method status="PASS" signature="required_spec306_afterSubscriptionIsCancelledRequestMustBeNops()" name="required_spec306_afterSubscriptionIsCancelledRequestMustBeNops" duration-ms="116" started-at="2017-04-22T18:46:21Z" finished-at="2017-04-22T18:46:22Z">
        </test-method>
        <test-method status="PASS" signature="setUp()" name="setUp" is-config="true" duration-ms="0" started-at="2017-04-22T18:46:21Z" finished-at="2017-04-22T18:46:21Z">
        </test-method>
        <test-method status="PASS" signature="setUp()" name="setUp" is-config="true" duration-ms="0" started-at="2017-04-22T18:46:22Z" finished-at="2017-04-22T18:46:22Z">
        </test-method>
        <test-method status="PASS" signature="required_spec307_afterSubscriptionIsCancelledAdditionalCancelationsMustBeNops()" name="required_spec307_afterSubscriptionIsCancelledAdditionalCancelationsMustBeNops" duration-ms="120" started-at="2017-04-22T18:46:22Z" finished-at="2017-04-22T18:46:22Z">
        </test-method>
        <test-method status="PASS" signature="required_spec309_requestNegativeNumberMustSignalIllegalArgumentException()" name="required_spec309_requestNegativeNumberMustSignalIllegalArgumentException" duration-ms="124" started-at="2017-04-22T18:46:22Z" finished-at="2017-04-22T18:46:22Z">
        </test-method>
        <test-method status="PASS" signature="setUp()" name="setUp" is-config="true" duration-ms="0" started-at="2017-04-22T18:46:22Z" finished-at="2017-04-22T18:46:22Z">
        </test-method>
        <test-method status="PASS" signature="required_spec309_requestZeroMustSignalIllegalArgumentException()" name="required_spec309_requestZeroMustSignalIllegalArgumentException" duration-ms="125" started-at="2017-04-22T18:46:22Z" finished-at="2017-04-22T18:46:22Z">
        </test-method>
        <test-method status="PASS" signature="setUp()" name="setUp" is-config="true" duration-ms="0" started-at="2017-04-22T18:46:22Z" finished-at="2017-04-22T18:46:22Z">
        </test-method>
        <test-method status="PASS" signature="setUp()" name="setUp" is-config="true" duration-ms="0" started-at="2017-04-22T18:46:22Z" finished-at="2017-04-22T18:46:22Z">
        </test-method>
        <test-method status="PASS" signature="required_spec312_cancelMustMakeThePublisherToEventuallyStopSignaling()" name="required_spec312_cancelMustMakeThePublisherToEventuallyStopSignaling" duration-ms="342" started-at="2017-04-22T18:46:22Z" finished-at="2017-04-22T18:46:22Z">
        </test-method>
        <test-method status="PASS" signature="setUp()" name="setUp" is-config="true" duration-ms="0" started-at="2017-04-22T18:46:22Z" finished-at="2017-04-22T18:46:22Z">
        </test-method>
        <test-method status="PASS" signature="required_spec313_cancelMustMakeThePublisherEventuallyDropAllReferencesToTheSubscriber()" name="required_spec313_cancelMustMakeThePublisherEventuallyDropAllReferencesToTheSubscriber" duration-ms="1846" started-at="2017-04-22T18:46:22Z" finished-at="2017-04-22T18:46:24Z">
        </test-method>
        <test-method status="PASS" signature="setUp()" name="setUp" is-config="true" duration-ms="0" started-at="2017-04-22T18:46:24Z" finished-at="2017-04-22T18:46:24Z">
        </test-method>
        <test-method status="SKIP" signature="required_spec317_mustNotSignalOnErrorWhenPendingAboveLongMaxValue()" name="required_spec317_mustNotSignalOnErrorWhenPendingAboveLongMaxValue" duration-ms="2" started-at="2017-04-22T18:46:24Z" finished-at="2017-04-22T18:46:24Z">
          <exception class="org.testng.SkipException">
            <message>
              <![CDATA[Unable to run this test, as required elements nr: 2147483647 is higher than supported by given producer: 100]]>
            </message>
            <full-stacktrace>
              <![CDATA[org.testng.SkipException: Unable to run this test, as required elements nr: 2147483647 is higher than supported by given producer: 100
	at org.reactivestreams.tck.PublisherVerification.activePublisherTest(PublisherVerification.java:1086)
	at org.reactivestreams.tck.PublisherVerification.required_spec317_mustNotSignalOnErrorWhenPendingAboveLongMaxValue(PublisherVerification.java:1030)
	at sun.reflect.NativeMethodAccessorImpl.invoke0(Native Method)
	at sun.reflect.NativeMethodAccessorImpl.invoke(NativeMethodAccessorImpl.java:62)
	at sun.reflect.DelegatingMethodAccessorImpl.invoke(DelegatingMethodAccessorImpl.java:43)
	at java.lang.reflect.Method.invoke(Method.java:498)
	at org.testng.internal.MethodInvocationHelper.invokeMethod(MethodInvocationHelper.java:74)
	at org.testng.internal.Invoker.invokeMethod(Invoker.java:673)
	at org.testng.internal.Invoker.invokeTestMethod(Invoker.java:846)
	at org.testng.internal.Invoker.invokeTestMethods(Invoker.java:1170)
	at org.testng.internal.TestMethodWorker.invokeTestMethods(TestMethodWorker.java:125)
	at org.testng.internal.TestMethodWorker.run(TestMethodWorker.java:109)
	at org.testng.TestRunner.runWorkers(TestRunner.java:1147)
	at org.testng.TestRunner.privateRun(TestRunner.java:749)
	at org.testng.TestRunner.run(TestRunner.java:600)
	at org.testng.SuiteRunner.runTest(SuiteRunner.java:317)
	at org.testng.SuiteRunner.runSequentially(SuiteRunner.java:312)
	at org.testng.SuiteRunner.privateRun(SuiteRunner.java:274)
	at org.testng.SuiteRunner.run(SuiteRunner.java:223)
	at org.testng.SuiteRunnerWorker.runSuite(SuiteRunnerWorker.java:52)
	at org.testng.SuiteRunnerWorker.run(SuiteRunnerWorker.java:86)
	at org.testng.TestNG.runSuitesSequentially(TestNG.java:1039)
	at org.testng.TestNG.runSuitesLocally(TestNG.java:964)
	at org.testng.TestNG.run(TestNG.java:900)
	at org.scalatest.testng.TestNGSuiteLike.run(TestNGSuiteLike.scala:261)
	at org.scalatest.testng.TestNGSuiteLike.run$(TestNGSuiteLike.scala:254)
	at io.rdbc.test.RowPublisherVerification.run(RowPublisherVerification.scala:16)
	at org.scalatest.testng.TestNGSuiteLike.runTestNG(TestNGSuiteLike.scala:248)
	at org.scalatest.testng.TestNGSuiteLike.runTestNG$(TestNGSuiteLike.scala:227)
	at io.rdbc.test.RowPublisherVerification.runTestNG(RowPublisherVerification.scala:16)
	at org.scalatest.testng.TestNGSuiteLike.run(TestNGSuiteLike.scala:149)
	at org.scalatest.testng.TestNGSuiteLike.run$(TestNGSuiteLike.scala:146)
	at io.rdbc.test.RowPublisherVerification.run(RowPublisherVerification.scala:16)
	at org.scalatest.tools.Framework.org$scalatest$tools$Framework$$runSuite(Framework.scala:314)
	at org.scalatest.tools.Framework$ScalaTestTask.execute(Framework.scala:507)
	at sbt.TestRunner.runTest$1(TestFramework.scala:76)
	at sbt.TestRunner.run(TestFramework.scala:85)
	at sbt.TestFramework$$anon$2$$anonfun$$init$$1$$anonfun$apply$8.apply(TestFramework.scala:202)
	at sbt.TestFramework$$anon$2$$anonfun$$init$$1$$anonfun$apply$8.apply(TestFramework.scala:202)
	at sbt.TestFramework$.sbt$TestFramework$$withContextLoader(TestFramework.scala:185)
	at sbt.TestFramework$$anon$2$$anonfun$$init$$1.apply(TestFramework.scala:202)
	at sbt.TestFramework$$anon$2$$anonfun$$init$$1.apply(TestFramework.scala:202)
	at sbt.TestFunction.apply(TestFramework.scala:207)
	at sbt.Tests$$anonfun$9.apply(Tests.scala:216)
	at sbt.Tests$$anonfun$9.apply(Tests.scala:216)
	at sbt.std.Transform$$anon$3$$anonfun$apply$2.apply(System.scala:44)
	at sbt.std.Transform$$anon$3$$anonfun$apply$2.apply(System.scala:44)
	at sbt.std.Transform$$anon$4.work(System.scala:63)
	at sbt.Execute$$anonfun$submit$1$$anonfun$apply$1.apply(Execute.scala:228)
	at sbt.Execute$$anonfun$submit$1$$anonfun$apply$1.apply(Execute.scala:228)
	at sbt.ErrorHandling$.wideConvert(ErrorHandling.scala:17)
	at sbt.Execute.work(Execute.scala:237)
	at sbt.Execute$$anonfun$submit$1.apply(Execute.scala:228)
	at sbt.Execute$$anonfun$submit$1.apply(Execute.scala:228)
	at sbt.ConcurrentRestrictions$$anon$4$$anonfun$1.apply(ConcurrentRestrictions.scala:159)
	at sbt.CompletionService$$anon$2.call(CompletionService.scala:28)
	at java.util.concurrent.FutureTask.run(FutureTask.java:266)
	at java.util.concurrent.Executors$RunnableAdapter.call(Executors.java:511)
	at java.util.concurrent.FutureTask.run(FutureTask.java:266)
	at java.util.concurrent.ThreadPoolExecutor.runWorker(ThreadPoolExecutor.java:1142)
	at java.util.concurrent.ThreadPoolExecutor$Worker.run(ThreadPoolExecutor.java:617)
	at java.lang.Thread.run(Thread.java:745)
]]>
            </full-stacktrace>
          </exception>
        </test-method>
        <test-method status="PASS" signature="setUp()" name="setUp" is-config="true" duration-ms="1" started-at="2017-04-22T18:46:24Z" finished-at="2017-04-22T18:46:24Z">
        </test-method>
        <test-method status="PASS" signature="required_spec317_mustSupportACumulativePendingElementCountUpToLongMaxValue()" name="required_spec317_mustSupportACumulativePendingElementCountUpToLongMaxValue" duration-ms="16" started-at="2017-04-22T18:46:24Z" finished-at="2017-04-22T18:46:24Z">
        </test-method>
        <test-method status="PASS" signature="setUp()" name="setUp" is-config="true" duration-ms="0" started-at="2017-04-22T18:46:24Z" finished-at="2017-04-22T18:46:24Z">
        </test-method>
        <test-method status="PASS" signature="required_spec317_mustSupportAPendingElementCountUpToLongMaxValue()" name="required_spec317_mustSupportAPendingElementCountUpToLongMaxValue" duration-ms="13" started-at="2017-04-22T18:46:24Z" finished-at="2017-04-22T18:46:24Z">
        </test-method>
        <test-method status="PASS" signature="setUp()" name="setUp" is-config="true" duration-ms="0" started-at="2017-04-22T18:46:24Z" finished-at="2017-04-22T18:46:24Z">
        </test-method>
        <test-method status="PASS" signature="required_validate_boundedDepthOfOnNextAndRequestRecursion()" name="required_validate_boundedDepthOfOnNextAndRequestRecursion" duration-ms="0" started-at="2017-04-22T18:46:24Z" finished-at="2017-04-22T18:46:24Z">
        </test-method>
        <test-method status="PASS" signature="stochastic_spec103_mustSignalOnMethodsSequentially()" name="stochastic_spec103_mustSignalOnMethodsSequentially" duration-ms="1342" started-at="2017-04-22T18:46:24Z" finished-at="2017-04-22T18:46:25Z">
        </test-method>
        <test-method status="PASS" signature="setUp()" name="setUp" is-config="true" duration-ms="0" started-at="2017-04-22T18:46:24Z" finished-at="2017-04-22T18:46:24Z">
        </test-method>
        <test-method status="PASS" signature="setUp()" name="setUp" is-config="true" duration-ms="0" started-at="2017-04-22T18:46:24Z" finished-at="2017-04-22T18:46:24Z">
        </test-method>
        <test-method status="PASS" signature="required_validate_maxElementsFromPublisher()" name="required_validate_maxElementsFromPublisher" duration-ms="0" started-at="2017-04-22T18:46:24Z" finished-at="2017-04-22T18:46:24Z">
        </test-method>
        <test-method status="PASS" signature="setUp()" name="setUp" is-config="true" duration-ms="0" started-at="2017-04-22T18:46:25Z" finished-at="2017-04-22T18:46:25Z">
        </test-method>
        <test-method status="SKIP" signature="untested_spec106_mustConsiderSubscriptionCancelledAfterOnErrorOrOnCompleteHasBeenCalled()" name="untested_spec106_mustConsiderSubscriptionCancelledAfterOnErrorOrOnCompleteHasBeenCalled" duration-ms="0" started-at="2017-04-22T18:46:25Z" finished-at="2017-04-22T18:46:25Z">
          <exception class="org.testng.SkipException">
            <message>
              <![CDATA[Not verified by this TCK.]]>
            </message>
            <full-stacktrace>
              <![CDATA[org.testng.SkipException: Not verified by this TCK.
	at org.reactivestreams.tck.PublisherVerification.notVerified(PublisherVerification.java:1166)
	at org.reactivestreams.tck.PublisherVerification.untested_spec106_mustConsiderSubscriptionCancelledAfterOnErrorOrOnCompleteHasBeenCalled(PublisherVerification.java:413)
	at sun.reflect.NativeMethodAccessorImpl.invoke0(Native Method)
	at sun.reflect.NativeMethodAccessorImpl.invoke(NativeMethodAccessorImpl.java:62)
	at sun.reflect.DelegatingMethodAccessorImpl.invoke(DelegatingMethodAccessorImpl.java:43)
	at java.lang.reflect.Method.invoke(Method.java:498)
	at org.testng.internal.MethodInvocationHelper.invokeMethod(MethodInvocationHelper.java:74)
	at org.testng.internal.Invoker.invokeMethod(Invoker.java:673)
	at org.testng.internal.Invoker.invokeTestMethod(Invoker.java:846)
	at org.testng.internal.Invoker.invokeTestMethods(Invoker.java:1170)
	at org.testng.internal.TestMethodWorker.invokeTestMethods(TestMethodWorker.java:125)
	at org.testng.internal.TestMethodWorker.run(TestMethodWorker.java:109)
	at org.testng.TestRunner.runWorkers(TestRunner.java:1147)
	at org.testng.TestRunner.privateRun(TestRunner.java:749)
	at org.testng.TestRunner.run(TestRunner.java:600)
	at org.testng.SuiteRunner.runTest(SuiteRunner.java:317)
	at org.testng.SuiteRunner.runSequentially(SuiteRunner.java:312)
	at org.testng.SuiteRunner.privateRun(SuiteRunner.java:274)
	at org.testng.SuiteRunner.run(SuiteRunner.java:223)
	at org.testng.SuiteRunnerWorker.runSuite(SuiteRunnerWorker.java:52)
	at org.testng.SuiteRunnerWorker.run(SuiteRunnerWorker.java:86)
	at org.testng.TestNG.runSuitesSequentially(TestNG.java:1039)
	at org.testng.TestNG.runSuitesLocally(TestNG.java:964)
	at org.testng.TestNG.run(TestNG.java:900)
	at org.scalatest.testng.TestNGSuiteLike.run(TestNGSuiteLike.scala:261)
	at org.scalatest.testng.TestNGSuiteLike.run$(TestNGSuiteLike.scala:254)
	at io.rdbc.test.RowPublisherVerification.run(RowPublisherVerification.scala:16)
	at org.scalatest.testng.TestNGSuiteLike.runTestNG(TestNGSuiteLike.scala:248)
	at org.scalatest.testng.TestNGSuiteLike.runTestNG$(TestNGSuiteLike.scala:227)
	at io.rdbc.test.RowPublisherVerification.runTestNG(RowPublisherVerification.scala:16)
	at org.scalatest.testng.TestNGSuiteLike.run(TestNGSuiteLike.scala:149)
	at org.scalatest.testng.TestNGSuiteLike.run$(TestNGSuiteLike.scala:146)
	at io.rdbc.test.RowPublisherVerification.run(RowPublisherVerification.scala:16)
	at org.scalatest.tools.Framework.org$scalatest$tools$Framework$$runSuite(Framework.scala:314)
	at org.scalatest.tools.Framework$ScalaTestTask.execute(Framework.scala:507)
	at sbt.TestRunner.runTest$1(TestFramework.scala:76)
	at sbt.TestRunner.run(TestFramework.scala:85)
	at sbt.TestFramework$$anon$2$$anonfun$$init$$1$$anonfun$apply$8.apply(TestFramework.scala:202)
	at sbt.TestFramework$$anon$2$$anonfun$$init$$1$$anonfun$apply$8.apply(TestFramework.scala:202)
	at sbt.TestFramework$.sbt$TestFramework$$withContextLoader(TestFramework.scala:185)
	at sbt.TestFramework$$anon$2$$anonfun$$init$$1.apply(TestFramework.scala:202)
	at sbt.TestFramework$$anon$2$$anonfun$$init$$1.apply(TestFramework.scala:202)
	at sbt.TestFunction.apply(TestFramework.scala:207)
	at sbt.Tests$$anonfun$9.apply(Tests.scala:216)
	at sbt.Tests$$anonfun$9.apply(Tests.scala:216)
	at sbt.std.Transform$$anon$3$$anonfun$apply$2.apply(System.scala:44)
	at sbt.std.Transform$$anon$3$$anonfun$apply$2.apply(System.scala:44)
	at sbt.std.Transform$$anon$4.work(System.scala:63)
	at sbt.Execute$$anonfun$submit$1$$anonfun$apply$1.apply(Execute.scala:228)
	at sbt.Execute$$anonfun$submit$1$$anonfun$apply$1.apply(Execute.scala:228)
	at sbt.ErrorHandling$.wideConvert(ErrorHandling.scala:17)
	at sbt.Execute.work(Execute.scala:237)
	at sbt.Execute$$anonfun$submit$1.apply(Execute.scala:228)
	at sbt.Execute$$anonfun$submit$1.apply(Execute.scala:228)
	at sbt.ConcurrentRestrictions$$anon$4$$anonfun$1.apply(ConcurrentRestrictions.scala:159)
	at sbt.CompletionService$$anon$2.call(CompletionService.scala:28)
	at java.util.concurrent.FutureTask.run(FutureTask.java:266)
	at java.util.concurrent.Executors$RunnableAdapter.call(Executors.java:511)
	at java.util.concurrent.FutureTask.run(FutureTask.java:266)
	at java.util.concurrent.ThreadPoolExecutor.runWorker(ThreadPoolExecutor.java:1142)
	at java.util.concurrent.ThreadPoolExecutor$Worker.run(ThreadPoolExecutor.java:617)
	at java.lang.Thread.run(Thread.java:745)
]]>
            </full-stacktrace>
          </exception>
        </test-method>
        <test-method status="SKIP" signature="untested_spec107_mustNotEmitFurtherSignalsOnceOnErrorHasBeenSignalled()" name="untested_spec107_mustNotEmitFurtherSignalsOnceOnErrorHasBeenSignalled" duration-ms="1" started-at="2017-04-22T18:46:25Z" finished-at="2017-04-22T18:46:26Z">
          <exception class="org.testng.SkipException">
            <message>
              <![CDATA[Not verified by this TCK.]]>
            </message>
            <full-stacktrace>
              <![CDATA[org.testng.SkipException: Not verified by this TCK.
	at org.reactivestreams.tck.PublisherVerification.notVerified(PublisherVerification.java:1166)
	at org.reactivestreams.tck.PublisherVerification.untested_spec107_mustNotEmitFurtherSignalsOnceOnErrorHasBeenSignalled(PublisherVerification.java:436)
	at sun.reflect.NativeMethodAccessorImpl.invoke0(Native Method)
	at sun.reflect.NativeMethodAccessorImpl.invoke(NativeMethodAccessorImpl.java:62)
	at sun.reflect.DelegatingMethodAccessorImpl.invoke(DelegatingMethodAccessorImpl.java:43)
	at java.lang.reflect.Method.invoke(Method.java:498)
	at org.testng.internal.MethodInvocationHelper.invokeMethod(MethodInvocationHelper.java:74)
	at org.testng.internal.Invoker.invokeMethod(Invoker.java:673)
	at org.testng.internal.Invoker.invokeTestMethod(Invoker.java:846)
	at org.testng.internal.Invoker.invokeTestMethods(Invoker.java:1170)
	at org.testng.internal.TestMethodWorker.invokeTestMethods(TestMethodWorker.java:125)
	at org.testng.internal.TestMethodWorker.run(TestMethodWorker.java:109)
	at org.testng.TestRunner.runWorkers(TestRunner.java:1147)
	at org.testng.TestRunner.privateRun(TestRunner.java:749)
	at org.testng.TestRunner.run(TestRunner.java:600)
	at org.testng.SuiteRunner.runTest(SuiteRunner.java:317)
	at org.testng.SuiteRunner.runSequentially(SuiteRunner.java:312)
	at org.testng.SuiteRunner.privateRun(SuiteRunner.java:274)
	at org.testng.SuiteRunner.run(SuiteRunner.java:223)
	at org.testng.SuiteRunnerWorker.runSuite(SuiteRunnerWorker.java:52)
	at org.testng.SuiteRunnerWorker.run(SuiteRunnerWorker.java:86)
	at org.testng.TestNG.runSuitesSequentially(TestNG.java:1039)
	at org.testng.TestNG.runSuitesLocally(TestNG.java:964)
	at org.testng.TestNG.run(TestNG.java:900)
	at org.scalatest.testng.TestNGSuiteLike.run(TestNGSuiteLike.scala:261)
	at org.scalatest.testng.TestNGSuiteLike.run$(TestNGSuiteLike.scala:254)
	at io.rdbc.test.RowPublisherVerification.run(RowPublisherVerification.scala:16)
	at org.scalatest.testng.TestNGSuiteLike.runTestNG(TestNGSuiteLike.scala:248)
	at org.scalatest.testng.TestNGSuiteLike.runTestNG$(TestNGSuiteLike.scala:227)
	at io.rdbc.test.RowPublisherVerification.runTestNG(RowPublisherVerification.scala:16)
	at org.scalatest.testng.TestNGSuiteLike.run(TestNGSuiteLike.scala:149)
	at org.scalatest.testng.TestNGSuiteLike.run$(TestNGSuiteLike.scala:146)
	at io.rdbc.test.RowPublisherVerification.run(RowPublisherVerification.scala:16)
	at org.scalatest.tools.Framework.org$scalatest$tools$Framework$$runSuite(Framework.scala:314)
	at org.scalatest.tools.Framework$ScalaTestTask.execute(Framework.scala:507)
	at sbt.TestRunner.runTest$1(TestFramework.scala:76)
	at sbt.TestRunner.run(TestFramework.scala:85)
	at sbt.TestFramework$$anon$2$$anonfun$$init$$1$$anonfun$apply$8.apply(TestFramework.scala:202)
	at sbt.TestFramework$$anon$2$$anonfun$$init$$1$$anonfun$apply$8.apply(TestFramework.scala:202)
	at sbt.TestFramework$.sbt$TestFramework$$withContextLoader(TestFramework.scala:185)
	at sbt.TestFramework$$anon$2$$anonfun$$init$$1.apply(TestFramework.scala:202)
	at sbt.TestFramework$$anon$2$$anonfun$$init$$1.apply(TestFramework.scala:202)
	at sbt.TestFunction.apply(TestFramework.scala:207)
	at sbt.Tests$$anonfun$9.apply(Tests.scala:216)
	at sbt.Tests$$anonfun$9.apply(Tests.scala:216)
	at sbt.std.Transform$$anon$3$$anonfun$apply$2.apply(System.scala:44)
	at sbt.std.Transform$$anon$3$$anonfun$apply$2.apply(System.scala:44)
	at sbt.std.Transform$$anon$4.work(System.scala:63)
	at sbt.Execute$$anonfun$submit$1$$anonfun$apply$1.apply(Execute.scala:228)
	at sbt.Execute$$anonfun$submit$1$$anonfun$apply$1.apply(Execute.scala:228)
	at sbt.ErrorHandling$.wideConvert(ErrorHandling.scala:17)
	at sbt.Execute.work(Execute.scala:237)
	at sbt.Execute$$anonfun$submit$1.apply(Execute.scala:228)
	at sbt.Execute$$anonfun$submit$1.apply(Execute.scala:228)
	at sbt.ConcurrentRestrictions$$anon$4$$anonfun$1.apply(ConcurrentRestrictions.scala:159)
	at sbt.CompletionService$$anon$2.call(CompletionService.scala:28)
	at java.util.concurrent.FutureTask.run(FutureTask.java:266)
	at java.util.concurrent.Executors$RunnableAdapter.call(Executors.java:511)
	at java.util.concurrent.FutureTask.run(FutureTask.java:266)
	at java.util.concurrent.ThreadPoolExecutor.runWorker(ThreadPoolExecutor.java:1142)
	at java.util.concurrent.ThreadPoolExecutor$Worker.run(ThreadPoolExecutor.java:617)
	at java.lang.Thread.run(Thread.java:745)
]]>
            </full-stacktrace>
          </exception>
        </test-method>
        <test-method status="PASS" signature="setUp()" name="setUp" is-config="true" duration-ms="0" started-at="2017-04-22T18:46:25Z" finished-at="2017-04-22T18:46:25Z">
        </test-method>
        <test-method status="SKIP" signature="untested_spec108_possiblyCanceledSubscriptionShouldNotReceiveOnErrorOrOnCompleteSignals()" name="untested_spec108_possiblyCanceledSubscriptionShouldNotReceiveOnErrorOrOnCompleteSignals" duration-ms="0" started-at="2017-04-22T18:46:26Z" finished-at="2017-04-22T18:46:26Z">
          <exception class="org.testng.SkipException">
            <message>
              <![CDATA[Not verified by this TCK.]]>
            </message>
            <full-stacktrace>
              <![CDATA[org.testng.SkipException: Not verified by this TCK.
	at org.reactivestreams.tck.PublisherVerification.notVerified(PublisherVerification.java:1166)
	at org.reactivestreams.tck.PublisherVerification.untested_spec108_possiblyCanceledSubscriptionShouldNotReceiveOnErrorOrOnCompleteSignals(PublisherVerification.java:442)
	at sun.reflect.NativeMethodAccessorImpl.invoke0(Native Method)
	at sun.reflect.NativeMethodAccessorImpl.invoke(NativeMethodAccessorImpl.java:62)
	at sun.reflect.DelegatingMethodAccessorImpl.invoke(DelegatingMethodAccessorImpl.java:43)
	at java.lang.reflect.Method.invoke(Method.java:498)
	at org.testng.internal.MethodInvocationHelper.invokeMethod(MethodInvocationHelper.java:74)
	at org.testng.internal.Invoker.invokeMethod(Invoker.java:673)
	at org.testng.internal.Invoker.invokeTestMethod(Invoker.java:846)
	at org.testng.internal.Invoker.invokeTestMethods(Invoker.java:1170)
	at org.testng.internal.TestMethodWorker.invokeTestMethods(TestMethodWorker.java:125)
	at org.testng.internal.TestMethodWorker.run(TestMethodWorker.java:109)
	at org.testng.TestRunner.runWorkers(TestRunner.java:1147)
	at org.testng.TestRunner.privateRun(TestRunner.java:749)
	at org.testng.TestRunner.run(TestRunner.java:600)
	at org.testng.SuiteRunner.runTest(SuiteRunner.java:317)
	at org.testng.SuiteRunner.runSequentially(SuiteRunner.java:312)
	at org.testng.SuiteRunner.privateRun(SuiteRunner.java:274)
	at org.testng.SuiteRunner.run(SuiteRunner.java:223)
	at org.testng.SuiteRunnerWorker.runSuite(SuiteRunnerWorker.java:52)
	at org.testng.SuiteRunnerWorker.run(SuiteRunnerWorker.java:86)
	at org.testng.TestNG.runSuitesSequentially(TestNG.java:1039)
	at org.testng.TestNG.runSuitesLocally(TestNG.java:964)
	at org.testng.TestNG.run(TestNG.java:900)
	at org.scalatest.testng.TestNGSuiteLike.run(TestNGSuiteLike.scala:261)
	at org.scalatest.testng.TestNGSuiteLike.run$(TestNGSuiteLike.scala:254)
	at io.rdbc.test.RowPublisherVerification.run(RowPublisherVerification.scala:16)
	at org.scalatest.testng.TestNGSuiteLike.runTestNG(TestNGSuiteLike.scala:248)
	at org.scalatest.testng.TestNGSuiteLike.runTestNG$(TestNGSuiteLike.scala:227)
	at io.rdbc.test.RowPublisherVerification.runTestNG(RowPublisherVerification.scala:16)
	at org.scalatest.testng.TestNGSuiteLike.run(TestNGSuiteLike.scala:149)
	at org.scalatest.testng.TestNGSuiteLike.run$(TestNGSuiteLike.scala:146)
	at io.rdbc.test.RowPublisherVerification.run(RowPublisherVerification.scala:16)
	at org.scalatest.tools.Framework.org$scalatest$tools$Framework$$runSuite(Framework.scala:314)
	at org.scalatest.tools.Framework$ScalaTestTask.execute(Framework.scala:507)
	at sbt.TestRunner.runTest$1(TestFramework.scala:76)
	at sbt.TestRunner.run(TestFramework.scala:85)
	at sbt.TestFramework$$anon$2$$anonfun$$init$$1$$anonfun$apply$8.apply(TestFramework.scala:202)
	at sbt.TestFramework$$anon$2$$anonfun$$init$$1$$anonfun$apply$8.apply(TestFramework.scala:202)
	at sbt.TestFramework$.sbt$TestFramework$$withContextLoader(TestFramework.scala:185)
	at sbt.TestFramework$$anon$2$$anonfun$$init$$1.apply(TestFramework.scala:202)
	at sbt.TestFramework$$anon$2$$anonfun$$init$$1.apply(TestFramework.scala:202)
	at sbt.TestFunction.apply(TestFramework.scala:207)
	at sbt.Tests$$anonfun$9.apply(Tests.scala:216)
	at sbt.Tests$$anonfun$9.apply(Tests.scala:216)
	at sbt.std.Transform$$anon$3$$anonfun$apply$2.apply(System.scala:44)
	at sbt.std.Transform$$anon$3$$anonfun$apply$2.apply(System.scala:44)
	at sbt.std.Transform$$anon$4.work(System.scala:63)
	at sbt.Execute$$anonfun$submit$1$$anonfun$apply$1.apply(Execute.scala:228)
	at sbt.Execute$$anonfun$submit$1$$anonfun$apply$1.apply(Execute.scala:228)
	at sbt.ErrorHandling$.wideConvert(ErrorHandling.scala:17)
	at sbt.Execute.work(Execute.scala:237)
	at sbt.Execute$$anonfun$submit$1.apply(Execute.scala:228)
	at sbt.Execute$$anonfun$submit$1.apply(Execute.scala:228)
	at sbt.ConcurrentRestrictions$$anon$4$$anonfun$1.apply(ConcurrentRestrictions.scala:159)
	at sbt.CompletionService$$anon$2.call(CompletionService.scala:28)
	at java.util.concurrent.FutureTask.run(FutureTask.java:266)
	at java.util.concurrent.Executors$RunnableAdapter.call(Executors.java:511)
	at java.util.concurrent.FutureTask.run(FutureTask.java:266)
	at java.util.concurrent.ThreadPoolExecutor.runWorker(ThreadPoolExecutor.java:1142)
	at java.util.concurrent.ThreadPoolExecutor$Worker.run(ThreadPoolExecutor.java:617)
	at java.lang.Thread.run(Thread.java:745)
]]>
            </full-stacktrace>
          </exception>
        </test-method>
        <test-method status="PASS" signature="setUp()" name="setUp" is-config="true" duration-ms="0" started-at="2017-04-22T18:46:26Z" finished-at="2017-04-22T18:46:26Z">
        </test-method>
        <test-method status="PASS" signature="setUp()" name="setUp" is-config="true" duration-ms="0" started-at="2017-04-22T18:46:26Z" finished-at="2017-04-22T18:46:26Z">
        </test-method>
        <test-method status="SKIP" signature="untested_spec109_subscribeShouldNotThrowNonFatalThrowable()" name="untested_spec109_subscribeShouldNotThrowNonFatalThrowable" duration-ms="0" started-at="2017-04-22T18:46:26Z" finished-at="2017-04-22T18:46:26Z">
          <exception class="org.testng.SkipException">
            <message>
              <![CDATA[Not verified by this TCK.]]>
            </message>
            <full-stacktrace>
              <![CDATA[org.testng.SkipException: Not verified by this TCK.
	at org.reactivestreams.tck.PublisherVerification.notVerified(PublisherVerification.java:1166)
	at org.reactivestreams.tck.PublisherVerification.untested_spec109_subscribeShouldNotThrowNonFatalThrowable(PublisherVerification.java:448)
	at sun.reflect.NativeMethodAccessorImpl.invoke0(Native Method)
	at sun.reflect.NativeMethodAccessorImpl.invoke(NativeMethodAccessorImpl.java:62)
	at sun.reflect.DelegatingMethodAccessorImpl.invoke(DelegatingMethodAccessorImpl.java:43)
	at java.lang.reflect.Method.invoke(Method.java:498)
	at org.testng.internal.MethodInvocationHelper.invokeMethod(MethodInvocationHelper.java:74)
	at org.testng.internal.Invoker.invokeMethod(Invoker.java:673)
	at org.testng.internal.Invoker.invokeTestMethod(Invoker.java:846)
	at org.testng.internal.Invoker.invokeTestMethods(Invoker.java:1170)
	at org.testng.internal.TestMethodWorker.invokeTestMethods(TestMethodWorker.java:125)
	at org.testng.internal.TestMethodWorker.run(TestMethodWorker.java:109)
	at org.testng.TestRunner.runWorkers(TestRunner.java:1147)
	at org.testng.TestRunner.privateRun(TestRunner.java:749)
	at org.testng.TestRunner.run(TestRunner.java:600)
	at org.testng.SuiteRunner.runTest(SuiteRunner.java:317)
	at org.testng.SuiteRunner.runSequentially(SuiteRunner.java:312)
	at org.testng.SuiteRunner.privateRun(SuiteRunner.java:274)
	at org.testng.SuiteRunner.run(SuiteRunner.java:223)
	at org.testng.SuiteRunnerWorker.runSuite(SuiteRunnerWorker.java:52)
	at org.testng.SuiteRunnerWorker.run(SuiteRunnerWorker.java:86)
	at org.testng.TestNG.runSuitesSequentially(TestNG.java:1039)
	at org.testng.TestNG.runSuitesLocally(TestNG.java:964)
	at org.testng.TestNG.run(TestNG.java:900)
	at org.scalatest.testng.TestNGSuiteLike.run(TestNGSuiteLike.scala:261)
	at org.scalatest.testng.TestNGSuiteLike.run$(TestNGSuiteLike.scala:254)
	at io.rdbc.test.RowPublisherVerification.run(RowPublisherVerification.scala:16)
	at org.scalatest.testng.TestNGSuiteLike.runTestNG(TestNGSuiteLike.scala:248)
	at org.scalatest.testng.TestNGSuiteLike.runTestNG$(TestNGSuiteLike.scala:227)
	at io.rdbc.test.RowPublisherVerification.runTestNG(RowPublisherVerification.scala:16)
	at org.scalatest.testng.TestNGSuiteLike.run(TestNGSuiteLike.scala:149)
	at org.scalatest.testng.TestNGSuiteLike.run$(TestNGSuiteLike.scala:146)
	at io.rdbc.test.RowPublisherVerification.run(RowPublisherVerification.scala:16)
	at org.scalatest.tools.Framework.org$scalatest$tools$Framework$$runSuite(Framework.scala:314)
	at org.scalatest.tools.Framework$ScalaTestTask.execute(Framework.scala:507)
	at sbt.TestRunner.runTest$1(TestFramework.scala:76)
	at sbt.TestRunner.run(TestFramework.scala:85)
	at sbt.TestFramework$$anon$2$$anonfun$$init$$1$$anonfun$apply$8.apply(TestFramework.scala:202)
	at sbt.TestFramework$$anon$2$$anonfun$$init$$1$$anonfun$apply$8.apply(TestFramework.scala:202)
	at sbt.TestFramework$.sbt$TestFramework$$withContextLoader(TestFramework.scala:185)
	at sbt.TestFramework$$anon$2$$anonfun$$init$$1.apply(TestFramework.scala:202)
	at sbt.TestFramework$$anon$2$$anonfun$$init$$1.apply(TestFramework.scala:202)
	at sbt.TestFunction.apply(TestFramework.scala:207)
	at sbt.Tests$$anonfun$9.apply(Tests.scala:216)
	at sbt.Tests$$anonfun$9.apply(Tests.scala:216)
	at sbt.std.Transform$$anon$3$$anonfun$apply$2.apply(System.scala:44)
	at sbt.std.Transform$$anon$3$$anonfun$apply$2.apply(System.scala:44)
	at sbt.std.Transform$$anon$4.work(System.scala:63)
	at sbt.Execute$$anonfun$submit$1$$anonfun$apply$1.apply(Execute.scala:228)
	at sbt.Execute$$anonfun$submit$1$$anonfun$apply$1.apply(Execute.scala:228)
	at sbt.ErrorHandling$.wideConvert(ErrorHandling.scala:17)
	at sbt.Execute.work(Execute.scala:237)
	at sbt.Execute$$anonfun$submit$1.apply(Execute.scala:228)
	at sbt.Execute$$anonfun$submit$1.apply(Execute.scala:228)
	at sbt.ConcurrentRestrictions$$anon$4$$anonfun$1.apply(ConcurrentRestrictions.scala:159)
	at sbt.CompletionService$$anon$2.call(CompletionService.scala:28)
	at java.util.concurrent.FutureTask.run(FutureTask.java:266)
	at java.util.concurrent.Executors$RunnableAdapter.call(Executors.java:511)
	at java.util.concurrent.FutureTask.run(FutureTask.java:266)
	at java.util.concurrent.ThreadPoolExecutor.runWorker(ThreadPoolExecutor.java:1142)
	at java.util.concurrent.ThreadPoolExecutor$Worker.run(ThreadPoolExecutor.java:617)
	at java.lang.Thread.run(Thread.java:745)
]]>
            </full-stacktrace>
          </exception>
        </test-method>
        <test-method status="PASS" signature="setUp()" name="setUp" is-config="true" duration-ms="0" started-at="2017-04-22T18:46:26Z" finished-at="2017-04-22T18:46:26Z">
        </test-method>
        <test-method status="SKIP" signature="untested_spec110_rejectASubscriptionRequestIfTheSameSubscriberSubscribesTwice()" name="untested_spec110_rejectASubscriptionRequestIfTheSameSubscriberSubscribesTwice" duration-ms="0" started-at="2017-04-22T18:46:26Z" finished-at="2017-04-22T18:46:26Z">
          <exception class="org.testng.SkipException">
            <message>
              <![CDATA[Not verified by this TCK.]]>
            </message>
            <full-stacktrace>
              <![CDATA[org.testng.SkipException: Not verified by this TCK.
	at org.reactivestreams.tck.PublisherVerification.notVerified(PublisherVerification.java:1166)
	at org.reactivestreams.tck.PublisherVerification.untested_spec110_rejectASubscriptionRequestIfTheSameSubscriberSubscribesTwice(PublisherVerification.java:537)
	at sun.reflect.NativeMethodAccessorImpl.invoke0(Native Method)
	at sun.reflect.NativeMethodAccessorImpl.invoke(NativeMethodAccessorImpl.java:62)
	at sun.reflect.DelegatingMethodAccessorImpl.invoke(DelegatingMethodAccessorImpl.java:43)
	at java.lang.reflect.Method.invoke(Method.java:498)
	at org.testng.internal.MethodInvocationHelper.invokeMethod(MethodInvocationHelper.java:74)
	at org.testng.internal.Invoker.invokeMethod(Invoker.java:673)
	at org.testng.internal.Invoker.invokeTestMethod(Invoker.java:846)
	at org.testng.internal.Invoker.invokeTestMethods(Invoker.java:1170)
	at org.testng.internal.TestMethodWorker.invokeTestMethods(TestMethodWorker.java:125)
	at org.testng.internal.TestMethodWorker.run(TestMethodWorker.java:109)
	at org.testng.TestRunner.runWorkers(TestRunner.java:1147)
	at org.testng.TestRunner.privateRun(TestRunner.java:749)
	at org.testng.TestRunner.run(TestRunner.java:600)
	at org.testng.SuiteRunner.runTest(SuiteRunner.java:317)
	at org.testng.SuiteRunner.runSequentially(SuiteRunner.java:312)
	at org.testng.SuiteRunner.privateRun(SuiteRunner.java:274)
	at org.testng.SuiteRunner.run(SuiteRunner.java:223)
	at org.testng.SuiteRunnerWorker.runSuite(SuiteRunnerWorker.java:52)
	at org.testng.SuiteRunnerWorker.run(SuiteRunnerWorker.java:86)
	at org.testng.TestNG.runSuitesSequentially(TestNG.java:1039)
	at org.testng.TestNG.runSuitesLocally(TestNG.java:964)
	at org.testng.TestNG.run(TestNG.java:900)
	at org.scalatest.testng.TestNGSuiteLike.run(TestNGSuiteLike.scala:261)
	at org.scalatest.testng.TestNGSuiteLike.run$(TestNGSuiteLike.scala:254)
	at io.rdbc.test.RowPublisherVerification.run(RowPublisherVerification.scala:16)
	at org.scalatest.testng.TestNGSuiteLike.runTestNG(TestNGSuiteLike.scala:248)
	at org.scalatest.testng.TestNGSuiteLike.runTestNG$(TestNGSuiteLike.scala:227)
	at io.rdbc.test.RowPublisherVerification.runTestNG(RowPublisherVerification.scala:16)
	at org.scalatest.testng.TestNGSuiteLike.run(TestNGSuiteLike.scala:149)
	at org.scalatest.testng.TestNGSuiteLike.run$(TestNGSuiteLike.scala:146)
	at io.rdbc.test.RowPublisherVerification.run(RowPublisherVerification.scala:16)
	at org.scalatest.tools.Framework.org$scalatest$tools$Framework$$runSuite(Framework.scala:314)
	at org.scalatest.tools.Framework$ScalaTestTask.execute(Framework.scala:507)
	at sbt.TestRunner.runTest$1(TestFramework.scala:76)
	at sbt.TestRunner.run(TestFramework.scala:85)
	at sbt.TestFramework$$anon$2$$anonfun$$init$$1$$anonfun$apply$8.apply(TestFramework.scala:202)
	at sbt.TestFramework$$anon$2$$anonfun$$init$$1$$anonfun$apply$8.apply(TestFramework.scala:202)
	at sbt.TestFramework$.sbt$TestFramework$$withContextLoader(TestFramework.scala:185)
	at sbt.TestFramework$$anon$2$$anonfun$$init$$1.apply(TestFramework.scala:202)
	at sbt.TestFramework$$anon$2$$anonfun$$init$$1.apply(TestFramework.scala:202)
	at sbt.TestFunction.apply(TestFramework.scala:207)
	at sbt.Tests$$anonfun$9.apply(Tests.scala:216)
	at sbt.Tests$$anonfun$9.apply(Tests.scala:216)
	at sbt.std.Transform$$anon$3$$anonfun$apply$2.apply(System.scala:44)
	at sbt.std.Transform$$anon$3$$anonfun$apply$2.apply(System.scala:44)
	at sbt.std.Transform$$anon$4.work(System.scala:63)
	at sbt.Execute$$anonfun$submit$1$$anonfun$apply$1.apply(Execute.scala:228)
	at sbt.Execute$$anonfun$submit$1$$anonfun$apply$1.apply(Execute.scala:228)
	at sbt.ErrorHandling$.wideConvert(ErrorHandling.scala:17)
	at sbt.Execute.work(Execute.scala:237)
	at sbt.Execute$$anonfun$submit$1.apply(Execute.scala:228)
	at sbt.Execute$$anonfun$submit$1.apply(Execute.scala:228)
	at sbt.ConcurrentRestrictions$$anon$4$$anonfun$1.apply(ConcurrentRestrictions.scala:159)
	at sbt.CompletionService$$anon$2.call(CompletionService.scala:28)
	at java.util.concurrent.FutureTask.run(FutureTask.java:266)
	at java.util.concurrent.Executors$RunnableAdapter.call(Executors.java:511)
	at java.util.concurrent.FutureTask.run(FutureTask.java:266)
	at java.util.concurrent.ThreadPoolExecutor.runWorker(ThreadPoolExecutor.java:1142)
	at java.util.concurrent.ThreadPoolExecutor$Worker.run(ThreadPoolExecutor.java:617)
	at java.lang.Thread.run(Thread.java:745)
]]>
            </full-stacktrace>
          </exception>
        </test-method>
        <test-method status="PASS" signature="setUp()" name="setUp" is-config="true" duration-ms="0" started-at="2017-04-22T18:46:26Z" finished-at="2017-04-22T18:46:26Z">
        </test-method>
        <test-method status="SKIP" signature="untested_spec304_requestShouldNotPerformHeavyComputations()" name="untested_spec304_requestShouldNotPerformHeavyComputations" duration-ms="1" started-at="2017-04-22T18:46:26Z" finished-at="2017-04-22T18:46:26Z">
          <exception class="org.testng.SkipException">
            <message>
              <![CDATA[Not verified by this TCK.]]>
            </message>
            <full-stacktrace>
              <![CDATA[org.testng.SkipException: Not verified by this TCK.
	at org.reactivestreams.tck.PublisherVerification.notVerified(PublisherVerification.java:1166)
	at org.reactivestreams.tck.PublisherVerification.untested_spec304_requestShouldNotPerformHeavyComputations(PublisherVerification.java:791)
	at sun.reflect.NativeMethodAccessorImpl.invoke0(Native Method)
	at sun.reflect.NativeMethodAccessorImpl.invoke(NativeMethodAccessorImpl.java:62)
	at sun.reflect.DelegatingMethodAccessorImpl.invoke(DelegatingMethodAccessorImpl.java:43)
	at java.lang.reflect.Method.invoke(Method.java:498)
	at org.testng.internal.MethodInvocationHelper.invokeMethod(MethodInvocationHelper.java:74)
	at org.testng.internal.Invoker.invokeMethod(Invoker.java:673)
	at org.testng.internal.Invoker.invokeTestMethod(Invoker.java:846)
	at org.testng.internal.Invoker.invokeTestMethods(Invoker.java:1170)
	at org.testng.internal.TestMethodWorker.invokeTestMethods(TestMethodWorker.java:125)
	at org.testng.internal.TestMethodWorker.run(TestMethodWorker.java:109)
	at org.testng.TestRunner.runWorkers(TestRunner.java:1147)
	at org.testng.TestRunner.privateRun(TestRunner.java:749)
	at org.testng.TestRunner.run(TestRunner.java:600)
	at org.testng.SuiteRunner.runTest(SuiteRunner.java:317)
	at org.testng.SuiteRunner.runSequentially(SuiteRunner.java:312)
	at org.testng.SuiteRunner.privateRun(SuiteRunner.java:274)
	at org.testng.SuiteRunner.run(SuiteRunner.java:223)
	at org.testng.SuiteRunnerWorker.runSuite(SuiteRunnerWorker.java:52)
	at org.testng.SuiteRunnerWorker.run(SuiteRunnerWorker.java:86)
	at org.testng.TestNG.runSuitesSequentially(TestNG.java:1039)
	at org.testng.TestNG.runSuitesLocally(TestNG.java:964)
	at org.testng.TestNG.run(TestNG.java:900)
	at org.scalatest.testng.TestNGSuiteLike.run(TestNGSuiteLike.scala:261)
	at org.scalatest.testng.TestNGSuiteLike.run$(TestNGSuiteLike.scala:254)
	at io.rdbc.test.RowPublisherVerification.run(RowPublisherVerification.scala:16)
	at org.scalatest.testng.TestNGSuiteLike.runTestNG(TestNGSuiteLike.scala:248)
	at org.scalatest.testng.TestNGSuiteLike.runTestNG$(TestNGSuiteLike.scala:227)
	at io.rdbc.test.RowPublisherVerification.runTestNG(RowPublisherVerification.scala:16)
	at org.scalatest.testng.TestNGSuiteLike.run(TestNGSuiteLike.scala:149)
	at org.scalatest.testng.TestNGSuiteLike.run$(TestNGSuiteLike.scala:146)
	at io.rdbc.test.RowPublisherVerification.run(RowPublisherVerification.scala:16)
	at org.scalatest.tools.Framework.org$scalatest$tools$Framework$$runSuite(Framework.scala:314)
	at org.scalatest.tools.Framework$ScalaTestTask.execute(Framework.scala:507)
	at sbt.TestRunner.runTest$1(TestFramework.scala:76)
	at sbt.TestRunner.run(TestFramework.scala:85)
	at sbt.TestFramework$$anon$2$$anonfun$$init$$1$$anonfun$apply$8.apply(TestFramework.scala:202)
	at sbt.TestFramework$$anon$2$$anonfun$$init$$1$$anonfun$apply$8.apply(TestFramework.scala:202)
	at sbt.TestFramework$.sbt$TestFramework$$withContextLoader(TestFramework.scala:185)
	at sbt.TestFramework$$anon$2$$anonfun$$init$$1.apply(TestFramework.scala:202)
	at sbt.TestFramework$$anon$2$$anonfun$$init$$1.apply(TestFramework.scala:202)
	at sbt.TestFunction.apply(TestFramework.scala:207)
	at sbt.Tests$$anonfun$9.apply(Tests.scala:216)
	at sbt.Tests$$anonfun$9.apply(Tests.scala:216)
	at sbt.std.Transform$$anon$3$$anonfun$apply$2.apply(System.scala:44)
	at sbt.std.Transform$$anon$3$$anonfun$apply$2.apply(System.scala:44)
	at sbt.std.Transform$$anon$4.work(System.scala:63)
	at sbt.Execute$$anonfun$submit$1$$anonfun$apply$1.apply(Execute.scala:228)
	at sbt.Execute$$anonfun$submit$1$$anonfun$apply$1.apply(Execute.scala:228)
	at sbt.ErrorHandling$.wideConvert(ErrorHandling.scala:17)
	at sbt.Execute.work(Execute.scala:237)
	at sbt.Execute$$anonfun$submit$1.apply(Execute.scala:228)
	at sbt.Execute$$anonfun$submit$1.apply(Execute.scala:228)
	at sbt.ConcurrentRestrictions$$anon$4$$anonfun$1.apply(ConcurrentRestrictions.scala:159)
	at sbt.CompletionService$$anon$2.call(CompletionService.scala:28)
	at java.util.concurrent.FutureTask.run(FutureTask.java:266)
	at java.util.concurrent.Executors$RunnableAdapter.call(Executors.java:511)
	at java.util.concurrent.FutureTask.run(FutureTask.java:266)
	at java.util.concurrent.ThreadPoolExecutor.runWorker(ThreadPoolExecutor.java:1142)
	at java.util.concurrent.ThreadPoolExecutor$Worker.run(ThreadPoolExecutor.java:617)
	at java.lang.Thread.run(Thread.java:745)
]]>
            </full-stacktrace>
          </exception>
        </test-method>
        <test-method status="PASS" signature="setUp()" name="setUp" is-config="true" duration-ms="0" started-at="2017-04-22T18:46:26Z" finished-at="2017-04-22T18:46:26Z">
        </test-method>
        <test-method status="SKIP" signature="untested_spec305_cancelMustNotSynchronouslyPerformHeavyCompuatation()" name="untested_spec305_cancelMustNotSynchronouslyPerformHeavyCompuatation" duration-ms="0" started-at="2017-04-22T18:46:26Z" finished-at="2017-04-22T18:46:26Z">
          <exception class="org.testng.SkipException">
            <message>
              <![CDATA[Not verified by this TCK.]]>
            </message>
            <full-stacktrace>
              <![CDATA[org.testng.SkipException: Not verified by this TCK.
	at org.reactivestreams.tck.PublisherVerification.notVerified(PublisherVerification.java:1166)
	at org.reactivestreams.tck.PublisherVerification.untested_spec305_cancelMustNotSynchronouslyPerformHeavyCompuatation(PublisherVerification.java:797)
	at sun.reflect.NativeMethodAccessorImpl.invoke0(Native Method)
	at sun.reflect.NativeMethodAccessorImpl.invoke(NativeMethodAccessorImpl.java:62)
	at sun.reflect.DelegatingMethodAccessorImpl.invoke(DelegatingMethodAccessorImpl.java:43)
	at java.lang.reflect.Method.invoke(Method.java:498)
	at org.testng.internal.MethodInvocationHelper.invokeMethod(MethodInvocationHelper.java:74)
	at org.testng.internal.Invoker.invokeMethod(Invoker.java:673)
	at org.testng.internal.Invoker.invokeTestMethod(Invoker.java:846)
	at org.testng.internal.Invoker.invokeTestMethods(Invoker.java:1170)
	at org.testng.internal.TestMethodWorker.invokeTestMethods(TestMethodWorker.java:125)
	at org.testng.internal.TestMethodWorker.run(TestMethodWorker.java:109)
	at org.testng.TestRunner.runWorkers(TestRunner.java:1147)
	at org.testng.TestRunner.privateRun(TestRunner.java:749)
	at org.testng.TestRunner.run(TestRunner.java:600)
	at org.testng.SuiteRunner.runTest(SuiteRunner.java:317)
	at org.testng.SuiteRunner.runSequentially(SuiteRunner.java:312)
	at org.testng.SuiteRunner.privateRun(SuiteRunner.java:274)
	at org.testng.SuiteRunner.run(SuiteRunner.java:223)
	at org.testng.SuiteRunnerWorker.runSuite(SuiteRunnerWorker.java:52)
	at org.testng.SuiteRunnerWorker.run(SuiteRunnerWorker.java:86)
	at org.testng.TestNG.runSuitesSequentially(TestNG.java:1039)
	at org.testng.TestNG.runSuitesLocally(TestNG.java:964)
	at org.testng.TestNG.run(TestNG.java:900)
	at org.scalatest.testng.TestNGSuiteLike.run(TestNGSuiteLike.scala:261)
	at org.scalatest.testng.TestNGSuiteLike.run$(TestNGSuiteLike.scala:254)
	at io.rdbc.test.RowPublisherVerification.run(RowPublisherVerification.scala:16)
	at org.scalatest.testng.TestNGSuiteLike.runTestNG(TestNGSuiteLike.scala:248)
	at org.scalatest.testng.TestNGSuiteLike.runTestNG$(TestNGSuiteLike.scala:227)
	at io.rdbc.test.RowPublisherVerification.runTestNG(RowPublisherVerification.scala:16)
	at org.scalatest.testng.TestNGSuiteLike.run(TestNGSuiteLike.scala:149)
	at org.scalatest.testng.TestNGSuiteLike.run$(TestNGSuiteLike.scala:146)
	at io.rdbc.test.RowPublisherVerification.run(RowPublisherVerification.scala:16)
	at org.scalatest.tools.Framework.org$scalatest$tools$Framework$$runSuite(Framework.scala:314)
	at org.scalatest.tools.Framework$ScalaTestTask.execute(Framework.scala:507)
	at sbt.TestRunner.runTest$1(TestFramework.scala:76)
	at sbt.TestRunner.run(TestFramework.scala:85)
	at sbt.TestFramework$$anon$2$$anonfun$$init$$1$$anonfun$apply$8.apply(TestFramework.scala:202)
	at sbt.TestFramework$$anon$2$$anonfun$$init$$1$$anonfun$apply$8.apply(TestFramework.scala:202)
	at sbt.TestFramework$.sbt$TestFramework$$withContextLoader(TestFramework.scala:185)
	at sbt.TestFramework$$anon$2$$anonfun$$init$$1.apply(TestFramework.scala:202)
	at sbt.TestFramework$$anon$2$$anonfun$$init$$1.apply(TestFramework.scala:202)
	at sbt.TestFunction.apply(TestFramework.scala:207)
	at sbt.Tests$$anonfun$9.apply(Tests.scala:216)
	at sbt.Tests$$anonfun$9.apply(Tests.scala:216)
	at sbt.std.Transform$$anon$3$$anonfun$apply$2.apply(System.scala:44)
	at sbt.std.Transform$$anon$3$$anonfun$apply$2.apply(System.scala:44)
	at sbt.std.Transform$$anon$4.work(System.scala:63)
	at sbt.Execute$$anonfun$submit$1$$anonfun$apply$1.apply(Execute.scala:228)
	at sbt.Execute$$anonfun$submit$1$$anonfun$apply$1.apply(Execute.scala:228)
	at sbt.ErrorHandling$.wideConvert(ErrorHandling.scala:17)
	at sbt.Execute.work(Execute.scala:237)
	at sbt.Execute$$anonfun$submit$1.apply(Execute.scala:228)
	at sbt.Execute$$anonfun$submit$1.apply(Execute.scala:228)
	at sbt.ConcurrentRestrictions$$anon$4$$anonfun$1.apply(ConcurrentRestrictions.scala:159)
	at sbt.CompletionService$$anon$2.call(CompletionService.scala:28)
	at java.util.concurrent.FutureTask.run(FutureTask.java:266)
	at java.util.concurrent.Executors$RunnableAdapter.call(Executors.java:511)
	at java.util.concurrent.FutureTask.run(FutureTask.java:266)
	at java.util.concurrent.ThreadPoolExecutor.runWorker(ThreadPoolExecutor.java:1142)
	at java.util.concurrent.ThreadPoolExecutor$Worker.run(ThreadPoolExecutor.java:617)
	at java.lang.Thread.run(Thread.java:745)
]]>
            </full-stacktrace>
          </exception>
        </test-method>
        <test-method status="PASS" signature="afterClass()" name="afterClass" is-config="true" duration-ms="1779" started-at="2017-04-22T18:46:26Z" finished-at="2017-04-22T18:46:27Z">
        </test-method>
      </class>
    </test>
  </suite>
</testng-results>
